{"/Users/tsetenlama/Desktop/contentful-field-entry-localization-main/src/components/Sidebar.tsx": {"path":"/Users/tsetenlama/Desktop/contentful-field-entry-localization-main/src/components/Sidebar.tsx","statementMap":{"0":{"start":{"line":9,"column":16},"end":{"line":11,"column":1}},"1":{"start":{"line":10,"column":2},"end":{"line":10,"column":56}}},"fnMap":{"0":{"name":"(anonymous_0)","decl":{"start":{"line":9,"column":16},"end":{"line":9,"column":17}},"loc":{"start":{"line":9,"column":38},"end":{"line":11,"column":1}},"line":9}},"branchMap":{},"s":{"0":1,"1":1},"f":{"0":1},"b":{},"_coverageSchema":"1a1c01bbd47fc00a2c39e90264f33305004495a9","hash":"e451134a028473d59e80d1b75bd939bdf9038ccb"}
}
